0 info it worked if it ends with ok
1 verbose cli [ 'C:\\Program Files\\nodejs\\node.exe',
1 verbose cli   'C:\\Program Files\\nodejs\\node_modules\\npm\\bin\\npm-cli.js',
1 verbose cli   'install',
1 verbose cli   'iconv' ]
2 info using npm@3.10.10
3 info using node@v6.11.4
4 silly loadCurrentTree Starting
5 silly install loadCurrentTree
6 silly install readLocalPackageData
7 silly fetchPackageMetaData iconv
8 silly fetchNamedPackageData iconv
9 silly mapToRegistry name iconv
10 silly mapToRegistry using default registry
11 silly mapToRegistry registry https://registry.npmjs.org/
12 silly mapToRegistry data Result {
12 silly mapToRegistry   raw: 'iconv',
12 silly mapToRegistry   scope: null,
12 silly mapToRegistry   escapedName: 'iconv',
12 silly mapToRegistry   name: 'iconv',
12 silly mapToRegistry   rawSpec: '',
12 silly mapToRegistry   spec: 'latest',
12 silly mapToRegistry   type: 'tag' }
13 silly mapToRegistry uri https://registry.npmjs.org/iconv
14 verbose request uri https://registry.npmjs.org/iconv
15 verbose request no auth needed
16 info attempt registry request try #1 at 10:10:10
17 verbose request id 6efe3122dc890313
18 verbose etag W/"a9d2d292f27c0ec4084182d2a4902bee"
19 verbose lastModified Sun, 27 May 2018 04:22:21 GMT
20 http request GET https://registry.npmjs.org/iconv
21 http 304 https://registry.npmjs.org/iconv
22 verbose headers { date: 'Wed, 29 Aug 2018 00:10:10 GMT',
22 verbose headers   connection: 'keep-alive',
22 verbose headers   'set-cookie': [ '__cfduid=d87a3b27812121350b228de91534a29d01535501410; expires=Thu, 29-Aug-19 00:10:10 GMT; path=/; domain=.registry.npmjs.org; HttpOnly' ],
22 verbose headers   'cf-cache-status': 'HIT',
22 verbose headers   'cache-control': 'max-age=300',
22 verbose headers   'cf-ray': '451acb0948dc8e73-DME',
22 verbose headers   etag: '"a9d2d292f27c0ec4084182d2a4902bee"',
22 verbose headers   'expect-ct': 'max-age=604800, report-uri="https://report-uri.cloudflare.com/cdn-cgi/beacon/expect-ct"',
22 verbose headers   'last-modified': 'Sun, 27 May 2018 04:22:21 GMT',
22 verbose headers   vary: 'accept-encoding, accept',
22 verbose headers   server: 'cloudflare' }
23 silly get cb [ 304,
23 silly get   { date: 'Wed, 29 Aug 2018 00:10:10 GMT',
23 silly get     connection: 'keep-alive',
23 silly get     'set-cookie': [ '__cfduid=d87a3b27812121350b228de91534a29d01535501410; expires=Thu, 29-Aug-19 00:10:10 GMT; path=/; domain=.registry.npmjs.org; HttpOnly' ],
23 silly get     'cf-cache-status': 'HIT',
23 silly get     'cache-control': 'max-age=300',
23 silly get     'cf-ray': '451acb0948dc8e73-DME',
23 silly get     etag: '"a9d2d292f27c0ec4084182d2a4902bee"',
23 silly get     'expect-ct': 'max-age=604800, report-uri="https://report-uri.cloudflare.com/cdn-cgi/beacon/expect-ct"',
23 silly get     'last-modified': 'Sun, 27 May 2018 04:22:21 GMT',
23 silly get     vary: 'accept-encoding, accept',
23 silly get     server: 'cloudflare' } ]
24 verbose etag https://registry.npmjs.org/iconv from cache
25 verbose get saving iconv to C:\Users\a.efremov\AppData\Roaming\npm-cache\registry.npmjs.org\iconv\.cache.json
26 verbose correctMkdir C:\Users\a.efremov\AppData\Roaming\npm-cache correctMkdir not in flight; initializing
27 silly install normalizeTree
28 silly loadCurrentTree Finishing
29 silly loadIdealTree Starting
30 silly install loadIdealTree
31 silly cloneCurrentTree Starting
32 silly install cloneCurrentTreeToIdealTree
33 silly cloneCurrentTree Finishing
34 silly loadShrinkwrap Starting
35 silly install loadShrinkwrap
36 silly loadShrinkwrap Finishing
37 silly loadAllDepsIntoIdealTree Starting
38 silly install loadAllDepsIntoIdealTree
39 silly resolveWithNewModule iconv@2.3.0 checking installable status
40 silly cache add args [ 'iconv', null ]
41 verbose cache add spec iconv
42 silly cache add parsed spec Result {
42 silly cache add   raw: 'iconv',
42 silly cache add   scope: null,
42 silly cache add   escapedName: 'iconv',
42 silly cache add   name: 'iconv',
42 silly cache add   rawSpec: '',
42 silly cache add   spec: 'latest',
42 silly cache add   type: 'tag' }
43 silly addNamed iconv@latest
44 verbose addNamed "latest" is being treated as a dist-tag for iconv
45 info addNameTag [ 'iconv', 'latest' ]
46 silly mapToRegistry name iconv
47 silly mapToRegistry using default registry
48 silly mapToRegistry registry https://registry.npmjs.org/
49 silly mapToRegistry data Result {
49 silly mapToRegistry   raw: 'iconv',
49 silly mapToRegistry   scope: null,
49 silly mapToRegistry   escapedName: 'iconv',
49 silly mapToRegistry   name: 'iconv',
49 silly mapToRegistry   rawSpec: '',
49 silly mapToRegistry   spec: 'latest',
49 silly mapToRegistry   type: 'tag' }
50 silly mapToRegistry uri https://registry.npmjs.org/iconv
51 verbose addNameTag registry:https://registry.npmjs.org/iconv not in flight; fetching
52 verbose get https://registry.npmjs.org/iconv not expired, no request
53 silly addNameTag next cb for iconv with tag latest
54 silly addNamed iconv@2.3.0
55 verbose addNamed "2.3.0" is a plain semver version for iconv
56 silly cache afterAdd iconv@2.3.0
57 verbose afterAdd C:\Users\a.efremov\AppData\Roaming\npm-cache\iconv\2.3.0\package\package.json not in flight; writing
58 verbose correctMkdir C:\Users\a.efremov\AppData\Roaming\npm-cache correctMkdir not in flight; initializing
59 verbose afterAdd C:\Users\a.efremov\AppData\Roaming\npm-cache\iconv\2.3.0\package\package.json written
60 silly fetchNamedPackageData nan
61 silly mapToRegistry name nan
62 silly mapToRegistry using default registry
63 silly mapToRegistry registry https://registry.npmjs.org/
64 silly mapToRegistry data Result {
64 silly mapToRegistry   raw: 'nan',
64 silly mapToRegistry   scope: null,
64 silly mapToRegistry   escapedName: 'nan',
64 silly mapToRegistry   name: 'nan',
64 silly mapToRegistry   rawSpec: '',
64 silly mapToRegistry   spec: 'latest',
64 silly mapToRegistry   type: 'tag' }
65 silly mapToRegistry uri https://registry.npmjs.org/nan
66 verbose request uri https://registry.npmjs.org/nan
67 verbose request no auth needed
68 info attempt registry request try #1 at 10:10:11
69 verbose etag W/"07b67d31eac50b501e4eb4f5b0dcc2f1"
70 verbose lastModified Sat, 25 Aug 2018 12:43:49 GMT
71 http request GET https://registry.npmjs.org/nan
72 http 304 https://registry.npmjs.org/nan
73 verbose headers { date: 'Wed, 29 Aug 2018 00:10:11 GMT',
73 verbose headers   connection: 'keep-alive',
73 verbose headers   'set-cookie': [ '__cfduid=d259777a8dcddb64052e06b15e94b57861535501411; expires=Thu, 29-Aug-19 00:10:11 GMT; path=/; domain=.registry.npmjs.org; HttpOnly' ],
73 verbose headers   'cf-cache-status': 'HIT',
73 verbose headers   'cache-control': 'max-age=300',
73 verbose headers   'cf-ray': '451acb0bf9568e73-DME',
73 verbose headers   etag: '"07b67d31eac50b501e4eb4f5b0dcc2f1"',
73 verbose headers   'expect-ct': 'max-age=604800, report-uri="https://report-uri.cloudflare.com/cdn-cgi/beacon/expect-ct"',
73 verbose headers   'last-modified': 'Sat, 25 Aug 2018 12:43:49 GMT',
73 verbose headers   vary: 'accept-encoding, accept',
73 verbose headers   server: 'cloudflare' }
74 silly get cb [ 304,
74 silly get   { date: 'Wed, 29 Aug 2018 00:10:11 GMT',
74 silly get     connection: 'keep-alive',
74 silly get     'set-cookie': [ '__cfduid=d259777a8dcddb64052e06b15e94b57861535501411; expires=Thu, 29-Aug-19 00:10:11 GMT; path=/; domain=.registry.npmjs.org; HttpOnly' ],
74 silly get     'cf-cache-status': 'HIT',
74 silly get     'cache-control': 'max-age=300',
74 silly get     'cf-ray': '451acb0bf9568e73-DME',
74 silly get     etag: '"07b67d31eac50b501e4eb4f5b0dcc2f1"',
74 silly get     'expect-ct': 'max-age=604800, report-uri="https://report-uri.cloudflare.com/cdn-cgi/beacon/expect-ct"',
74 silly get     'last-modified': 'Sat, 25 Aug 2018 12:43:49 GMT',
74 silly get     vary: 'accept-encoding, accept',
74 silly get     server: 'cloudflare' } ]
75 verbose etag https://registry.npmjs.org/nan from cache
76 verbose get saving nan to C:\Users\a.efremov\AppData\Roaming\npm-cache\registry.npmjs.org\nan\.cache.json
77 verbose correctMkdir C:\Users\a.efremov\AppData\Roaming\npm-cache correctMkdir not in flight; initializing
78 silly resolveWithNewModule nan@2.11.0 checking installable status
79 silly cache add args [ 'nan@^2.3.5', null ]
80 verbose cache add spec nan@^2.3.5
81 silly cache add parsed spec Result {
81 silly cache add   raw: 'nan@^2.3.5',
81 silly cache add   scope: null,
81 silly cache add   escapedName: 'nan',
81 silly cache add   name: 'nan',
81 silly cache add   rawSpec: '^2.3.5',
81 silly cache add   spec: '>=2.3.5 <3.0.0',
81 silly cache add   type: 'range' }
82 silly addNamed nan@>=2.3.5 <3.0.0
83 verbose addNamed ">=2.3.5 <3.0.0" is a valid semver range for nan
84 silly addNameRange { name: 'nan', range: '>=2.3.5 <3.0.0', hasData: false }
85 silly mapToRegistry name nan
86 silly mapToRegistry using default registry
87 silly mapToRegistry registry https://registry.npmjs.org/
88 silly mapToRegistry data Result {
88 silly mapToRegistry   raw: 'nan',
88 silly mapToRegistry   scope: null,
88 silly mapToRegistry   escapedName: 'nan',
88 silly mapToRegistry   name: 'nan',
88 silly mapToRegistry   rawSpec: '',
88 silly mapToRegistry   spec: 'latest',
88 silly mapToRegistry   type: 'tag' }
89 silly mapToRegistry uri https://registry.npmjs.org/nan
90 verbose addNameRange registry:https://registry.npmjs.org/nan not in flight; fetching
91 verbose get https://registry.npmjs.org/nan not expired, no request
92 silly addNameRange number 2 { name: 'nan', range: '>=2.3.5 <3.0.0', hasData: true }
93 silly addNameRange versions [ 'nan',
93 silly addNameRange   [ '0.3.0-wip',
93 silly addNameRange     '0.3.0-wip2',
93 silly addNameRange     '0.3.0',
93 silly addNameRange     '0.3.1',
93 silly addNameRange     '0.3.2',
93 silly addNameRange     '0.4.0',
93 silly addNameRange     '0.4.1',
93 silly addNameRange     '0.4.2',
93 silly addNameRange     '0.4.3',
93 silly addNameRange     '0.4.4',
93 silly addNameRange     '0.5.0',
93 silly addNameRange     '0.5.1',
93 silly addNameRange     '0.5.2',
93 silly addNameRange     '0.6.0',
93 silly addNameRange     '0.7.0',
93 silly addNameRange     '0.7.1',
93 silly addNameRange     '0.8.0',
93 silly addNameRange     '1.0.0',
93 silly addNameRange     '1.1.0',
93 silly addNameRange     '1.1.1',
93 silly addNameRange     '1.1.2',
93 silly addNameRange     '1.2.0',
93 silly addNameRange     '1.3.0',
93 silly addNameRange     '1.4.0',
93 silly addNameRange     '1.4.1',
93 silly addNameRange     '1.5.0',
93 silly addNameRange     '1.4.2',
93 silly addNameRange     '1.4.3',
93 silly addNameRange     '1.5.1',
93 silly addNameRange     '1.5.2',
93 silly addNameRange     '1.6.0',
93 silly addNameRange     '1.5.3',
93 silly addNameRange     '1.6.1',
93 silly addNameRange     '1.6.2',
93 silly addNameRange     '1.7.0',
93 silly addNameRange     '1.8.0',
93 silly addNameRange     '1.8.1',
93 silly addNameRange     '1.8.2',
93 silly addNameRange     '1.8.3',
93 silly addNameRange     '1.8.4',
93 silly addNameRange     '1.9.0',
93 silly addNameRange     '2.0.0',
93 silly addNameRange     '2.0.1',
93 silly addNameRange     '2.0.2',
93 silly addNameRange     '2.0.3',
93 silly addNameRange     '2.0.4',
93 silly addNameRange     '2.0.5',
93 silly addNameRange     '2.0.6',
93 silly addNameRange     '2.0.7',
93 silly addNameRange     '2.0.8',
93 silly addNameRange     '2.0.9',
93 silly addNameRange     '2.1.0',
93 silly addNameRange     '2.2.0',
93 silly addNameRange     '2.2.1',
93 silly addNameRange     '2.3.0',
93 silly addNameRange     '2.3.1',
93 silly addNameRange     '2.3.2',
93 silly addNameRange     '2.3.3',
93 silly addNameRange     '2.3.4',
93 silly addNameRange     '2.3.5',
93 silly addNameRange     '2.4.0',
93 silly addNameRange     '2.5.0',
93 silly addNameRange     '2.5.1',
93 silly addNameRange     '2.6.0',
93 silly addNameRange     '2.6.1',
93 silly addNameRange     '2.6.2',
93 silly addNameRange     '2.7.0',
93 silly addNameRange     '2.8.0',
93 silly addNameRange     '2.9.1',
93 silly addNameRange     '2.9.2',
93 silly addNameRange     '2.10.0',
93 silly addNameRange     '2.11.0' ] ]
94 silly addNamed nan@2.11.0
95 verbose addNamed "2.11.0" is a plain semver version for nan
96 silly cache afterAdd nan@2.11.0
97 verbose afterAdd C:\Users\a.efremov\AppData\Roaming\npm-cache\nan\2.11.0\package\package.json not in flight; writing
98 verbose correctMkdir C:\Users\a.efremov\AppData\Roaming\npm-cache correctMkdir not in flight; initializing
99 verbose afterAdd C:\Users\a.efremov\AppData\Roaming\npm-cache\nan\2.11.0\package\package.json written
100 silly loadAllDepsIntoIdealTree Finishing
101 silly loadIdealTree Finishing
102 silly currentTree CENTRAL_EO
102 silly currentTree +-- abbrev@1.1.1
102 silly currentTree +-- accepts@1.3.5
102 silly currentTree +-- ajv@5.5.2
102 silly currentTree +-- ansi-regex@2.1.1
102 silly currentTree +-- aproba@1.2.0
102 silly currentTree +-- are-we-there-yet@1.1.5
102 silly currentTree +-- array-flatten@1.1.1
102 silly currentTree +-- asn1@0.2.4
102 silly currentTree +-- assert-plus@1.0.0
102 silly currentTree +-- async@2.6.0
102 silly currentTree +-- asynckit@0.4.0
102 silly currentTree +-- aws-sign2@0.7.0
102 silly currentTree +-- aws4@1.8.0
102 silly currentTree +-- babel-runtime@6.26.0
102 silly currentTree +-- balanced-match@1.0.0
102 silly currentTree +-- bcrypt-pbkdf@1.0.2
102 silly currentTree +-- big-number@0.3.1
102 silly currentTree +-- bl@1.2.2
102 silly currentTree +-- block-stream@0.0.9
102 silly currentTree +-- body-parser@1.18.2
102 silly currentTree +-- brace-expansion@1.1.11
102 silly currentTree +-- bytes@3.0.0
102 silly currentTree +-- caseless@0.12.0
102 silly currentTree +-- co@4.6.0
102 silly currentTree +-- code-point-at@1.1.0
102 silly currentTree +-- combined-stream@1.0.6
102 silly currentTree +-- concat-map@0.0.1
102 silly currentTree +-- console-control-strings@1.1.0
102 silly currentTree +-- content-disposition@0.5.2
102 silly currentTree +-- content-type@1.0.4
102 silly currentTree +-- cookie-signature@1.0.6
102 silly currentTree +-- cookie@0.3.1
102 silly currentTree +-- core-js@2.5.6
102 silly currentTree +-- core-util-is@1.0.2
102 silly currentTree +-- dashdash@1.14.1
102 silly currentTree +-- debug@2.6.9
102 silly currentTree +-- delayed-stream@1.0.0
102 silly currentTree +-- delegates@1.0.0
102 silly currentTree +-- depd@1.1.2
102 silly currentTree +-- destroy@1.0.4
102 silly currentTree +-- ecc-jsbn@0.1.2
102 silly currentTree +-- ee-first@1.1.1
102 silly currentTree +-- encodeurl@1.0.2
102 silly currentTree +-- escape-html@1.0.3
102 silly currentTree +-- etag@1.8.1
102 silly currentTree +-- express@4.16.3
102 silly currentTree +-- extend@3.0.2
102 silly currentTree +-- extsprintf@1.3.0
102 silly currentTree +-- fast-deep-equal@1.1.0
102 silly currentTree +-- fast-json-stable-stringify@2.0.0
102 silly currentTree +-- finalhandler@1.1.1
102 silly currentTree +-- forever-agent@0.6.1
102 silly currentTree +-- form-data@2.3.2
102 silly currentTree +-- forwarded@0.1.2
102 silly currentTree +-- fresh@0.5.2
102 silly currentTree +-- fs.realpath@1.0.0
102 silly currentTree +-- fstream@1.0.11
102 silly currentTree +-- gauge@2.7.4
102 silly currentTree +-- getpass@0.1.7
102 silly currentTree +-- glob@7.1.3
102 silly currentTree +-- graceful-fs@4.1.11
102 silly currentTree +-- har-schema@2.0.0
102 silly currentTree +-- har-validator@5.1.0
102 silly currentTree +-- has-unicode@2.0.1
102 silly currentTree +-- http-errors@1.6.3
102 silly currentTree +-- http-signature@1.2.0
102 silly currentTree +-- iconv-lite@0.4.19
102 silly currentTree +-- inflight@1.0.6
102 silly currentTree +-- inherits@2.0.3
102 silly currentTree +-- ipaddr.js@1.6.0
102 silly currentTree +-- is-fullwidth-code-point@1.0.0
102 silly currentTree +-- is-typedarray@1.0.0
102 silly currentTree +-- isarray@1.0.0
102 silly currentTree +-- isexe@2.0.0
102 silly currentTree +-- isstream@0.1.2
102 silly currentTree +-- jsbn@0.1.1
102 silly currentTree +-- json-schema-traverse@0.3.1
102 silly currentTree +-- json-schema@0.2.3
102 silly currentTree +-- json-stringify-safe@5.0.1
102 silly currentTree +-- jsprim@1.4.1
102 silly currentTree +-- lodash@4.17.10
102 silly currentTree +-- media-typer@0.3.0
102 silly currentTree +-- merge-descriptors@1.0.1
102 silly currentTree +-- methods@1.1.2
102 silly currentTree +-- mime-db@1.33.0
102 silly currentTree +-- mime-types@2.1.18
102 silly currentTree +-- mime@1.4.1
102 silly currentTree +-- minimatch@3.0.4
102 silly currentTree +-- minimist@0.0.8
102 silly currentTree +-- mkdirp@0.5.1
102 silly currentTree +-- ms@2.0.0
102 silly currentTree +-- negotiator@0.6.1
102 silly currentTree +-- node-gyp@3.8.0
102 silly currentTree +-- nopt@3.0.6
102 silly currentTree +-- npmlog@4.1.2
102 silly currentTree +-- number-is-nan@1.0.1
102 silly currentTree +-- oauth-sign@0.9.0
102 silly currentTree +-- object-assign@4.1.1
102 silly currentTree +-- on-finished@2.3.0
102 silly currentTree +-- once@1.4.0
102 silly currentTree +-- os-homedir@1.0.2
102 silly currentTree +-- os-tmpdir@1.0.2
102 silly currentTree +-- osenv@0.1.5
102 silly currentTree +-- parseurl@1.3.2
102 silly currentTree +-- path-is-absolute@1.0.1
102 silly currentTree +-- path-to-regexp@0.1.7
102 silly currentTree +-- performance-now@2.1.0
102 silly currentTree +-- process-nextick-args@2.0.0
102 silly currentTree +-- proxy-addr@2.0.3
102 silly currentTree +-- psl@1.1.29
102 silly currentTree +-- punycode@1.4.1
102 silly currentTree +-- python@0.0.4
102 silly currentTree +-- qs@6.5.1
102 silly currentTree +-- range-parser@1.2.0
102 silly currentTree +-- raw-body@2.3.2
102 silly currentTree | +-- depd@1.1.1
102 silly currentTree | +-- http-errors@1.6.2
102 silly currentTree | `-- setprototypeof@1.0.3
102 silly currentTree +-- readable-stream@2.3.6
102 silly currentTree +-- regenerator-runtime@0.11.1
102 silly currentTree +-- request@2.88.0
102 silly currentTree | +-- mime-db@1.36.0
102 silly currentTree | +-- mime-types@2.1.20
102 silly currentTree | +-- qs@6.5.2
102 silly currentTree | `-- safe-buffer@5.1.2
102 silly currentTree +-- rimraf@2.6.2
102 silly currentTree +-- safe-buffer@5.1.1
102 silly currentTree +-- safer-buffer@2.1.2
102 silly currentTree +-- semver@5.3.0
102 silly currentTree +-- send@0.16.2
102 silly currentTree +-- serve-static@1.13.2
102 silly currentTree +-- set-blocking@2.0.0
102 silly currentTree +-- setprototypeof@1.1.0
102 silly currentTree +-- signal-exit@3.0.2
102 silly currentTree +-- sprintf@0.1.5
102 silly currentTree +-- sshpk@1.14.2
102 silly currentTree +-- statuses@1.4.0
102 silly currentTree +-- string_decoder@1.1.1
102 silly currentTree +-- string-width@1.0.2
102 silly currentTree +-- strip-ansi@3.0.1
102 silly currentTree +-- tar@2.2.1
102 silly currentTree +-- tedious@2.3.1
102 silly currentTree +-- tough-cookie@2.4.3
102 silly currentTree +-- tunnel-agent@0.6.0
102 silly currentTree +-- tweetnacl@0.14.5
102 silly currentTree +-- type-is@1.6.16
102 silly currentTree +-- unpipe@1.0.0
102 silly currentTree +-- util-deprecate@1.0.2
102 silly currentTree +-- utils-merge@1.0.1
102 silly currentTree +-- uuid@3.3.2
102 silly currentTree +-- vary@1.1.2
102 silly currentTree +-- verror@1.10.0
102 silly currentTree +-- which@1.3.1
102 silly currentTree +-- wide-align@1.1.3
102 silly currentTree `-- wrappy@1.0.2
103 silly idealTree CENTRAL_EO
103 silly idealTree +-- abbrev@1.1.1
103 silly idealTree +-- accepts@1.3.5
103 silly idealTree +-- ajv@5.5.2
103 silly idealTree +-- ansi-regex@2.1.1
103 silly idealTree +-- aproba@1.2.0
103 silly idealTree +-- are-we-there-yet@1.1.5
103 silly idealTree +-- array-flatten@1.1.1
103 silly idealTree +-- asn1@0.2.4
103 silly idealTree +-- assert-plus@1.0.0
103 silly idealTree +-- async@2.6.0
103 silly idealTree +-- asynckit@0.4.0
103 silly idealTree +-- aws-sign2@0.7.0
103 silly idealTree +-- aws4@1.8.0
103 silly idealTree +-- babel-runtime@6.26.0
103 silly idealTree +-- balanced-match@1.0.0
103 silly idealTree +-- bcrypt-pbkdf@1.0.2
103 silly idealTree +-- big-number@0.3.1
103 silly idealTree +-- bl@1.2.2
103 silly idealTree +-- block-stream@0.0.9
103 silly idealTree +-- body-parser@1.18.2
103 silly idealTree +-- brace-expansion@1.1.11
103 silly idealTree +-- bytes@3.0.0
103 silly idealTree +-- caseless@0.12.0
103 silly idealTree +-- co@4.6.0
103 silly idealTree +-- code-point-at@1.1.0
103 silly idealTree +-- combined-stream@1.0.6
103 silly idealTree +-- concat-map@0.0.1
103 silly idealTree +-- console-control-strings@1.1.0
103 silly idealTree +-- content-disposition@0.5.2
103 silly idealTree +-- content-type@1.0.4
103 silly idealTree +-- cookie-signature@1.0.6
103 silly idealTree +-- cookie@0.3.1
103 silly idealTree +-- core-js@2.5.6
103 silly idealTree +-- core-util-is@1.0.2
103 silly idealTree +-- dashdash@1.14.1
103 silly idealTree +-- debug@2.6.9
103 silly idealTree +-- delayed-stream@1.0.0
103 silly idealTree +-- delegates@1.0.0
103 silly idealTree +-- depd@1.1.2
103 silly idealTree +-- destroy@1.0.4
103 silly idealTree +-- ecc-jsbn@0.1.2
103 silly idealTree +-- ee-first@1.1.1
103 silly idealTree +-- encodeurl@1.0.2
103 silly idealTree +-- escape-html@1.0.3
103 silly idealTree +-- etag@1.8.1
103 silly idealTree +-- express@4.16.3
103 silly idealTree +-- extend@3.0.2
103 silly idealTree +-- extsprintf@1.3.0
103 silly idealTree +-- fast-deep-equal@1.1.0
103 silly idealTree +-- fast-json-stable-stringify@2.0.0
103 silly idealTree +-- finalhandler@1.1.1
103 silly idealTree +-- forever-agent@0.6.1
103 silly idealTree +-- form-data@2.3.2
103 silly idealTree +-- forwarded@0.1.2
103 silly idealTree +-- fresh@0.5.2
103 silly idealTree +-- fs.realpath@1.0.0
103 silly idealTree +-- fstream@1.0.11
103 silly idealTree +-- gauge@2.7.4
103 silly idealTree +-- getpass@0.1.7
103 silly idealTree +-- glob@7.1.3
103 silly idealTree +-- graceful-fs@4.1.11
103 silly idealTree +-- har-schema@2.0.0
103 silly idealTree +-- har-validator@5.1.0
103 silly idealTree +-- has-unicode@2.0.1
103 silly idealTree +-- http-errors@1.6.3
103 silly idealTree +-- http-signature@1.2.0
103 silly idealTree +-- iconv-lite@0.4.19
103 silly idealTree +-- iconv@2.3.0
103 silly idealTree +-- inflight@1.0.6
103 silly idealTree +-- inherits@2.0.3
103 silly idealTree +-- ipaddr.js@1.6.0
103 silly idealTree +-- is-fullwidth-code-point@1.0.0
103 silly idealTree +-- is-typedarray@1.0.0
103 silly idealTree +-- isarray@1.0.0
103 silly idealTree +-- isexe@2.0.0
103 silly idealTree +-- isstream@0.1.2
103 silly idealTree +-- jsbn@0.1.1
103 silly idealTree +-- json-schema-traverse@0.3.1
103 silly idealTree +-- json-schema@0.2.3
103 silly idealTree +-- json-stringify-safe@5.0.1
103 silly idealTree +-- jsprim@1.4.1
103 silly idealTree +-- lodash@4.17.10
103 silly idealTree +-- media-typer@0.3.0
103 silly idealTree +-- merge-descriptors@1.0.1
103 silly idealTree +-- methods@1.1.2
103 silly idealTree +-- mime-db@1.33.0
103 silly idealTree +-- mime-types@2.1.18
103 silly idealTree +-- mime@1.4.1
103 silly idealTree +-- minimatch@3.0.4
103 silly idealTree +-- minimist@0.0.8
103 silly idealTree +-- mkdirp@0.5.1
103 silly idealTree +-- ms@2.0.0
103 silly idealTree +-- nan@2.11.0
103 silly idealTree +-- negotiator@0.6.1
103 silly idealTree +-- node-gyp@3.8.0
103 silly idealTree +-- nopt@3.0.6
103 silly idealTree +-- npmlog@4.1.2
103 silly idealTree +-- number-is-nan@1.0.1
103 silly idealTree +-- oauth-sign@0.9.0
103 silly idealTree +-- object-assign@4.1.1
103 silly idealTree +-- on-finished@2.3.0
103 silly idealTree +-- once@1.4.0
103 silly idealTree +-- os-homedir@1.0.2
103 silly idealTree +-- os-tmpdir@1.0.2
103 silly idealTree +-- osenv@0.1.5
103 silly idealTree +-- parseurl@1.3.2
103 silly idealTree +-- path-is-absolute@1.0.1
103 silly idealTree +-- path-to-regexp@0.1.7
103 silly idealTree +-- performance-now@2.1.0
103 silly idealTree +-- process-nextick-args@2.0.0
103 silly idealTree +-- proxy-addr@2.0.3
103 silly idealTree +-- psl@1.1.29
103 silly idealTree +-- punycode@1.4.1
103 silly idealTree +-- python@0.0.4
103 silly idealTree +-- qs@6.5.1
103 silly idealTree +-- range-parser@1.2.0
103 silly idealTree +-- raw-body@2.3.2
103 silly idealTree | +-- depd@1.1.1
103 silly idealTree | +-- http-errors@1.6.2
103 silly idealTree | `-- setprototypeof@1.0.3
103 silly idealTree +-- readable-stream@2.3.6
103 silly idealTree +-- regenerator-runtime@0.11.1
103 silly idealTree +-- request@2.88.0
103 silly idealTree | +-- mime-db@1.36.0
103 silly idealTree | +-- mime-types@2.1.20
103 silly idealTree | +-- qs@6.5.2
103 silly idealTree | `-- safe-buffer@5.1.2
103 silly idealTree +-- rimraf@2.6.2
103 silly idealTree +-- safe-buffer@5.1.1
103 silly idealTree +-- safer-buffer@2.1.2
103 silly idealTree +-- semver@5.3.0
103 silly idealTree +-- send@0.16.2
103 silly idealTree +-- serve-static@1.13.2
103 silly idealTree +-- set-blocking@2.0.0
103 silly idealTree +-- setprototypeof@1.1.0
103 silly idealTree +-- signal-exit@3.0.2
103 silly idealTree +-- sprintf@0.1.5
103 silly idealTree +-- sshpk@1.14.2
103 silly idealTree +-- statuses@1.4.0
103 silly idealTree +-- string_decoder@1.1.1
103 silly idealTree +-- string-width@1.0.2
103 silly idealTree +-- strip-ansi@3.0.1
103 silly idealTree +-- tar@2.2.1
103 silly idealTree +-- tedious@2.3.1
103 silly idealTree +-- tough-cookie@2.4.3
103 silly idealTree +-- tunnel-agent@0.6.0
103 silly idealTree +-- tweetnacl@0.14.5
103 silly idealTree +-- type-is@1.6.16
103 silly idealTree +-- unpipe@1.0.0
103 silly idealTree +-- util-deprecate@1.0.2
103 silly idealTree +-- utils-merge@1.0.1
103 silly idealTree +-- uuid@3.3.2
103 silly idealTree +-- vary@1.1.2
103 silly idealTree +-- verror@1.10.0
103 silly idealTree +-- which@1.3.1
103 silly idealTree +-- wide-align@1.1.3
103 silly idealTree `-- wrappy@1.0.2
104 silly generateActionsToTake Starting
105 silly install generateActionsToTake
106 silly generateActionsToTake Finishing
107 silly diffTrees action count 2
108 silly diffTrees add nan@2.11.0
109 silly diffTrees add iconv@2.3.0
110 silly decomposeActions action count 16
111 silly decomposeActions fetch nan@2.11.0
112 silly decomposeActions extract nan@2.11.0
113 silly decomposeActions test nan@2.11.0
114 silly decomposeActions preinstall nan@2.11.0
115 silly decomposeActions build nan@2.11.0
116 silly decomposeActions install nan@2.11.0
117 silly decomposeActions postinstall nan@2.11.0
118 silly decomposeActions finalize nan@2.11.0
119 silly decomposeActions fetch iconv@2.3.0
120 silly decomposeActions extract iconv@2.3.0
121 silly decomposeActions test iconv@2.3.0
122 silly decomposeActions preinstall iconv@2.3.0
123 silly decomposeActions build iconv@2.3.0
124 silly decomposeActions install iconv@2.3.0
125 silly decomposeActions postinstall iconv@2.3.0
126 silly decomposeActions finalize iconv@2.3.0
127 silly runTopLevelLifecycles Starting
128 silly executeActions Starting
129 silly install executeActions
130 silly doSerial global-install 0
131 silly doParallel fetch 2
132 verbose correctMkdir C:\Users\a.efremov\AppData\Roaming\npm-cache\_locks correctMkdir not in flight; initializing
133 verbose lock using C:\Users\a.efremov\AppData\Roaming\npm-cache\_locks\staging-d98fe53ecfd3ba31.lock for c:\dev\CENTRAL_EO\node_modules\.staging
134 silly doParallel extract 2
135 silly extract nan@2.11.0
136 silly extract iconv@2.3.0
137 verbose unbuild node_modules\.staging\nan-d5b77e42
138 verbose unbuild node_modules\.staging\iconv-1ff7eee0
139 silly gentlyRm c:\dev\CENTRAL_EO\node_modules\.staging\nan-d5b77e42 is being purged from base c:\dev\CENTRAL_EO
140 verbose gentlyRm don't care about contents; nuking c:\dev\CENTRAL_EO\node_modules\.staging\nan-d5b77e42
141 silly gentlyRm c:\dev\CENTRAL_EO\node_modules\.staging\iconv-1ff7eee0 is being purged from base c:\dev\CENTRAL_EO
142 verbose gentlyRm don't care about contents; nuking c:\dev\CENTRAL_EO\node_modules\.staging\iconv-1ff7eee0
143 verbose tar unpack C:\Users\a.efremov\AppData\Roaming\npm-cache\nan\2.11.0\package.tgz
144 verbose tar unpacking to c:\dev\CENTRAL_EO\node_modules\.staging\nan-d5b77e42
145 silly gentlyRm c:\dev\CENTRAL_EO\node_modules\.staging\nan-d5b77e42 is being purged
146 verbose gentlyRm don't care about contents; nuking c:\dev\CENTRAL_EO\node_modules\.staging\nan-d5b77e42
147 verbose tar unpack C:\Users\a.efremov\AppData\Roaming\npm-cache\iconv\2.3.0\package.tgz
148 verbose tar unpacking to c:\dev\CENTRAL_EO\node_modules\.staging\iconv-1ff7eee0
149 silly gentlyRm c:\dev\CENTRAL_EO\node_modules\.staging\iconv-1ff7eee0 is being purged
150 verbose gentlyRm don't care about contents; nuking c:\dev\CENTRAL_EO\node_modules\.staging\iconv-1ff7eee0
151 silly gunzTarPerm modes [ '777', '666' ]
152 silly gunzTarPerm modes [ '777', '666' ]
153 silly gunzTarPerm extractEntry package.json
154 silly gunzTarPerm modified mode [ 'package.json', 436, 438 ]
155 silly gunzTarPerm extractEntry package.json
156 silly gunzTarPerm modified mode [ 'package.json', 420, 438 ]
157 silly gunzTarPerm extractEntry CHANGELOG.md
158 silly gunzTarPerm modified mode [ 'CHANGELOG.md', 436, 438 ]
159 silly gunzTarPerm extractEntry include_dirs.js
160 silly gunzTarPerm modified mode [ 'include_dirs.js', 436, 438 ]
161 silly gunzTarPerm extractEntry .npmignore
162 silly gunzTarPerm modified mode [ '.npmignore', 420, 438 ]
163 silly gunzTarPerm extractEntry README.md
164 silly gunzTarPerm modified mode [ 'README.md', 420, 438 ]
165 silly gunzTarPerm extractEntry LICENSE
166 silly gunzTarPerm modified mode [ 'LICENSE', 420, 438 ]
167 silly gunzTarPerm extractEntry binding.gyp
168 silly gunzTarPerm modified mode [ 'binding.gyp', 420, 438 ]
169 silly gunzTarPerm extractEntry LICENSE.md
170 silly gunzTarPerm modified mode [ 'LICENSE.md', 436, 438 ]
171 silly gunzTarPerm extractEntry nan_callbacks_12_inl.h
172 silly gunzTarPerm modified mode [ 'nan_callbacks_12_inl.h', 436, 438 ]
173 silly gunzTarPerm extractEntry nan_callbacks_pre_12_inl.h
174 silly gunzTarPerm modified mode [ 'nan_callbacks_pre_12_inl.h', 436, 438 ]
175 silly gunzTarPerm extractEntry nan_callbacks.h
176 silly gunzTarPerm modified mode [ 'nan_callbacks.h', 436, 438 ]
177 silly gunzTarPerm extractEntry deps/libiconv/lib/euc_jp.h
178 silly gunzTarPerm modified mode [ 'deps/libiconv/lib/euc_jp.h', 420, 438 ]
179 silly gunzTarPerm extractEntry deps/libiconv/lib/aliases.h
180 silly gunzTarPerm modified mode [ 'deps/libiconv/lib/aliases.h', 420, 438 ]
181 silly gunzTarPerm extractEntry nan_converters_43_inl.h
182 silly gunzTarPerm modified mode [ 'nan_converters_43_inl.h', 436, 438 ]
183 silly gunzTarPerm extractEntry nan_converters_pre_43_inl.h
184 silly gunzTarPerm modified mode [ 'nan_converters_pre_43_inl.h', 436, 438 ]
185 silly gunzTarPerm extractEntry nan_converters.h
186 silly gunzTarPerm modified mode [ 'nan_converters.h', 436, 438 ]
187 silly gunzTarPerm extractEntry nan_define_own_property_helper.h
188 silly gunzTarPerm modified mode [ 'nan_define_own_property_helper.h', 436, 438 ]
189 silly gunzTarPerm extractEntry deps/libiconv/lib/aliases_aix.h
190 silly gunzTarPerm modified mode [ 'deps/libiconv/lib/aliases_aix.h', 420, 438 ]
191 silly gunzTarPerm extractEntry deps/libiconv/lib/aliases_aix_sysaix.h
192 silly gunzTarPerm modified mode [ 'deps/libiconv/lib/aliases_aix_sysaix.h', 420, 438 ]
193 silly gunzTarPerm extractEntry nan_implementation_12_inl.h
194 silly gunzTarPerm modified mode [ 'nan_implementation_12_inl.h', 436, 438 ]
195 silly gunzTarPerm extractEntry nan_implementation_pre_12_inl.h
196 silly gunzTarPerm modified mode [ 'nan_implementation_pre_12_inl.h', 436, 438 ]
197 silly gunzTarPerm extractEntry nan_json.h
198 silly gunzTarPerm modified mode [ 'nan_json.h', 436, 438 ]
199 silly gunzTarPerm extractEntry deps/libiconv/lib/aliases_dos.h
200 silly gunzTarPerm modified mode [ 'deps/libiconv/lib/aliases_dos.h', 420, 438 ]
201 silly gunzTarPerm extractEntry deps/libiconv/lib/aliases_extra.h
202 silly gunzTarPerm modified mode [ 'deps/libiconv/lib/aliases_extra.h', 420, 438 ]
203 silly gunzTarPerm extractEntry nan_maybe_43_inl.h
204 silly gunzTarPerm modified mode [ 'nan_maybe_43_inl.h', 436, 438 ]
205 silly gunzTarPerm extractEntry nan_maybe_pre_43_inl.h
206 silly gunzTarPerm modified mode [ 'nan_maybe_pre_43_inl.h', 436, 438 ]
207 silly gunzTarPerm extractEntry nan_new.h
208 silly gunzTarPerm modified mode [ 'nan_new.h', 436, 438 ]
209 silly gunzTarPerm extractEntry nan_object_wrap.h
210 silly gunzTarPerm modified mode [ 'nan_object_wrap.h', 436, 438 ]
211 silly gunzTarPerm extractEntry deps/libiconv/lib/aliases_osf1.h
212 silly gunzTarPerm modified mode [ 'deps/libiconv/lib/aliases_osf1.h', 420, 438 ]
213 silly gunzTarPerm extractEntry deps/libiconv/lib/aliases_osf1_sysosf1.h
214 silly gunzTarPerm modified mode [ 'deps/libiconv/lib/aliases_osf1_sysosf1.h', 420, 438 ]
215 silly gunzTarPerm extractEntry nan_persistent_12_inl.h
216 silly gunzTarPerm modified mode [ 'nan_persistent_12_inl.h', 436, 438 ]
217 silly gunzTarPerm extractEntry nan_persistent_pre_12_inl.h
218 silly gunzTarPerm modified mode [ 'nan_persistent_pre_12_inl.h', 436, 438 ]
219 silly gunzTarPerm extractEntry deps/libiconv/lib/aliases_sysaix.h
220 silly gunzTarPerm modified mode [ 'deps/libiconv/lib/aliases_sysaix.h', 420, 438 ]
221 silly gunzTarPerm extractEntry deps/libiconv/lib/aliases_syshpux.h
222 silly gunzTarPerm modified mode [ 'deps/libiconv/lib/aliases_syshpux.h', 420, 438 ]
223 silly gunzTarPerm extractEntry deps/libiconv/lib/aliases_sysosf1.h
224 silly gunzTarPerm modified mode [ 'deps/libiconv/lib/aliases_sysosf1.h', 420, 438 ]
225 silly gunzTarPerm extractEntry nan_private.h
226 silly gunzTarPerm modified mode [ 'nan_private.h', 436, 438 ]
227 silly gunzTarPerm extractEntry nan_string_bytes.h
228 silly gunzTarPerm modified mode [ 'nan_string_bytes.h', 436, 438 ]
229 silly gunzTarPerm extractEntry deps/libiconv/lib/aliases_syssolaris.h
230 silly gunzTarPerm modified mode [ 'deps/libiconv/lib/aliases_syssolaris.h', 420, 438 ]
231 silly gunzTarPerm extractEntry deps/libiconv/lib/armscii_8.h
232 silly gunzTarPerm modified mode [ 'deps/libiconv/lib/armscii_8.h', 420, 438 ]
233 silly gunzTarPerm extractEntry deps/libiconv/lib/ascii.h
234 silly gunzTarPerm modified mode [ 'deps/libiconv/lib/ascii.h', 420, 438 ]
235 silly gunzTarPerm extractEntry deps/libiconv/lib/atarist.h
236 silly gunzTarPerm modified mode [ 'deps/libiconv/lib/atarist.h', 420, 438 ]
237 silly gunzTarPerm extractEntry nan_typedarray_contents.h
238 silly gunzTarPerm modified mode [ 'nan_typedarray_contents.h', 436, 438 ]
239 silly gunzTarPerm extractEntry nan_weak.h
240 silly gunzTarPerm modified mode [ 'nan_weak.h', 436, 438 ]
241 silly gunzTarPerm extractEntry deps/libiconv/lib/big5.h
242 silly gunzTarPerm modified mode [ 'deps/libiconv/lib/big5.h', 420, 438 ]
243 silly gunzTarPerm extractEntry nan.h
244 silly gunzTarPerm modified mode [ 'nan.h', 436, 438 ]
245 silly gunzTarPerm extractEntry README.md
246 silly gunzTarPerm modified mode [ 'README.md', 436, 438 ]
247 silly gunzTarPerm extractEntry deps/libiconv/lib/big5_2003.h
248 silly gunzTarPerm modified mode [ 'deps/libiconv/lib/big5_2003.h', 420, 438 ]
249 silly gunzTarPerm extractEntry deps/libiconv/lib/big5hkscs1999.h
250 silly gunzTarPerm modified mode [ 'deps/libiconv/lib/big5hkscs1999.h', 420, 438 ]
251 silly gunzTarPerm extractEntry deps/libiconv/lib/big5hkscs2001.h
252 silly gunzTarPerm modified mode [ 'deps/libiconv/lib/big5hkscs2001.h', 420, 438 ]
253 silly gunzTarPerm extractEntry doc/asyncworker.md
254 silly gunzTarPerm modified mode [ 'doc/asyncworker.md', 436, 438 ]
255 silly gunzTarPerm extractEntry doc/buffers.md
256 silly gunzTarPerm modified mode [ 'doc/buffers.md', 436, 438 ]
257 silly gunzTarPerm extractEntry deps/libiconv/lib/big5hkscs2004.h
258 silly gunzTarPerm modified mode [ 'deps/libiconv/lib/big5hkscs2004.h', 420, 438 ]
259 silly gunzTarPerm extractEntry deps/libiconv/lib/big5hkscs2008.h
260 silly gunzTarPerm modified mode [ 'deps/libiconv/lib/big5hkscs2008.h', 420, 438 ]
261 silly gunzTarPerm extractEntry doc/callback.md
262 silly gunzTarPerm modified mode [ 'doc/callback.md', 436, 438 ]
263 silly gunzTarPerm extractEntry doc/converters.md
264 silly gunzTarPerm modified mode [ 'doc/converters.md', 436, 438 ]
265 silly gunzTarPerm extractEntry deps/libiconv/lib/c99.h
266 silly gunzTarPerm modified mode [ 'deps/libiconv/lib/c99.h', 420, 438 ]
267 silly gunzTarPerm extractEntry deps/libiconv/lib/canonical.h
268 silly gunzTarPerm modified mode [ 'deps/libiconv/lib/canonical.h', 420, 438 ]
269 silly gunzTarPerm extractEntry doc/errors.md
270 silly gunzTarPerm modified mode [ 'doc/errors.md', 436, 438 ]
271 silly gunzTarPerm extractEntry doc/json.md
272 silly gunzTarPerm modified mode [ 'doc/json.md', 436, 438 ]
273 silly gunzTarPerm extractEntry deps/libiconv/lib/canonical_aix.h
274 silly gunzTarPerm modified mode [ 'deps/libiconv/lib/canonical_aix.h', 420, 438 ]
275 silly gunzTarPerm extractEntry deps/libiconv/lib/canonical_aix_sysaix.h
276 silly gunzTarPerm modified mode [ 'deps/libiconv/lib/canonical_aix_sysaix.h', 420, 438 ]
277 silly gunzTarPerm extractEntry doc/maybe_types.md
278 silly gunzTarPerm modified mode [ 'doc/maybe_types.md', 436, 438 ]
279 silly gunzTarPerm extractEntry deps/libiconv/lib/canonical_dos.h
280 silly gunzTarPerm modified mode [ 'deps/libiconv/lib/canonical_dos.h', 420, 438 ]
281 silly gunzTarPerm extractEntry deps/libiconv/lib/canonical_extra.h
282 silly gunzTarPerm modified mode [ 'deps/libiconv/lib/canonical_extra.h', 420, 438 ]
283 silly gunzTarPerm extractEntry doc/methods.md
284 silly gunzTarPerm modified mode [ 'doc/methods.md', 436, 438 ]
285 silly gunzTarPerm extractEntry doc/new.md
286 silly gunzTarPerm modified mode [ 'doc/new.md', 436, 438 ]
287 silly gunzTarPerm extractEntry deps/libiconv/lib/canonical_local.h
288 silly gunzTarPerm modified mode [ 'deps/libiconv/lib/canonical_local.h', 420, 438 ]
289 silly gunzTarPerm extractEntry deps/libiconv/lib/canonical_local_sysaix.h
290 silly gunzTarPerm modified mode [ 'deps/libiconv/lib/canonical_local_sysaix.h', 420, 438 ]
291 silly gunzTarPerm extractEntry deps/libiconv/lib/canonical_local_syshpux.h
292 silly gunzTarPerm modified mode [ 'deps/libiconv/lib/canonical_local_syshpux.h', 420, 438 ]
293 silly gunzTarPerm extractEntry doc/node_misc.md
294 silly gunzTarPerm modified mode [ 'doc/node_misc.md', 436, 438 ]
295 silly gunzTarPerm extractEntry doc/object_wrappers.md
296 silly gunzTarPerm modified mode [ 'doc/object_wrappers.md', 436, 438 ]
297 silly gunzTarPerm extractEntry deps/libiconv/lib/canonical_local_sysosf1.h
298 silly gunzTarPerm modified mode [ 'deps/libiconv/lib/canonical_local_sysosf1.h', 420, 438 ]
299 silly gunzTarPerm extractEntry deps/libiconv/lib/canonical_local_syssolaris.h
300 silly gunzTarPerm modified mode [ 'deps/libiconv/lib/canonical_local_syssolaris.h', 420, 438 ]
301 silly gunzTarPerm extractEntry deps/libiconv/lib/canonical_osf1.h
302 silly gunzTarPerm modified mode [ 'deps/libiconv/lib/canonical_osf1.h', 420, 438 ]
303 silly gunzTarPerm extractEntry deps/libiconv/lib/canonical_osf1_sysosf1.h
304 silly gunzTarPerm modified mode [ 'deps/libiconv/lib/canonical_osf1_sysosf1.h', 420, 438 ]
305 silly gunzTarPerm extractEntry doc/persistent.md
306 silly gunzTarPerm modified mode [ 'doc/persistent.md', 436, 438 ]
307 silly gunzTarPerm extractEntry doc/scopes.md
308 silly gunzTarPerm modified mode [ 'doc/scopes.md', 436, 438 ]
309 silly gunzTarPerm extractEntry doc/script.md
310 silly gunzTarPerm modified mode [ 'doc/script.md', 436, 438 ]
311 silly gunzTarPerm extractEntry doc/string_bytes.md
312 silly gunzTarPerm modified mode [ 'doc/string_bytes.md', 436, 438 ]
313 silly gunzTarPerm extractEntry doc/v8_internals.md
314 silly gunzTarPerm modified mode [ 'doc/v8_internals.md', 436, 438 ]
315 silly gunzTarPerm extractEntry doc/v8_misc.md
316 silly gunzTarPerm modified mode [ 'doc/v8_misc.md', 436, 438 ]
317 silly gunzTarPerm extractEntry tools/1to2.js
318 silly gunzTarPerm modified mode [ 'tools/1to2.js', 509, 511 ]
319 silly gunzTarPerm extractEntry tools/package.json
320 silly gunzTarPerm modified mode [ 'tools/package.json', 436, 438 ]
321 silly gunzTarPerm extractEntry tools/README.md
322 silly gunzTarPerm modified mode [ 'tools/README.md', 436, 438 ]
323 silly gunzTarPerm extractEntry deps/libiconv/lib/canonical_sysaix.h
324 silly gunzTarPerm modified mode [ 'deps/libiconv/lib/canonical_sysaix.h', 420, 438 ]
325 silly gunzTarPerm extractEntry deps/libiconv/lib/canonical_syshpux.h
326 silly gunzTarPerm modified mode [ 'deps/libiconv/lib/canonical_syshpux.h', 420, 438 ]
327 silly gunzTarPerm extractEntry deps/libiconv/lib/canonical_sysosf1.h
328 silly gunzTarPerm modified mode [ 'deps/libiconv/lib/canonical_sysosf1.h', 420, 438 ]
329 silly gunzTarPerm extractEntry deps/libiconv/lib/canonical_syssolaris.h
330 silly gunzTarPerm modified mode [ 'deps/libiconv/lib/canonical_syssolaris.h', 420, 438 ]
331 silly gunzTarPerm extractEntry deps/libiconv/lib/ces_big5.h
332 silly gunzTarPerm modified mode [ 'deps/libiconv/lib/ces_big5.h', 420, 438 ]
333 silly gunzTarPerm extractEntry deps/libiconv/lib/ces_gbk.h
334 silly gunzTarPerm modified mode [ 'deps/libiconv/lib/ces_gbk.h', 420, 438 ]
335 silly gunzTarPerm extractEntry deps/libiconv/lib/cjk_variants.h
336 silly gunzTarPerm modified mode [ 'deps/libiconv/lib/cjk_variants.h', 420, 438 ]
337 silly gunzTarPerm extractEntry deps/libiconv/lib/cns11643.h
338 silly gunzTarPerm modified mode [ 'deps/libiconv/lib/cns11643.h', 420, 438 ]
339 silly gunzTarPerm extractEntry deps/libiconv/lib/cns11643_1.h
340 silly gunzTarPerm modified mode [ 'deps/libiconv/lib/cns11643_1.h', 420, 438 ]
341 silly gunzTarPerm extractEntry deps/libiconv/lib/cns11643_15.h
342 silly gunzTarPerm modified mode [ 'deps/libiconv/lib/cns11643_15.h', 420, 438 ]
343 silly gunzTarPerm extractEntry deps/libiconv/lib/cns11643_2.h
344 silly gunzTarPerm modified mode [ 'deps/libiconv/lib/cns11643_2.h', 420, 438 ]
345 silly gunzTarPerm extractEntry deps/libiconv/lib/cns11643_3.h
346 silly gunzTarPerm modified mode [ 'deps/libiconv/lib/cns11643_3.h', 420, 438 ]
347 silly gunzTarPerm extractEntry deps/libiconv/lib/cns11643_4.h
348 silly gunzTarPerm modified mode [ 'deps/libiconv/lib/cns11643_4.h', 420, 438 ]
349 silly gunzTarPerm extractEntry deps/libiconv/lib/cns11643_4a.h
350 silly gunzTarPerm modified mode [ 'deps/libiconv/lib/cns11643_4a.h', 420, 438 ]
351 silly gunzTarPerm extractEntry deps/libiconv/lib/cns11643_4b.h
352 silly gunzTarPerm modified mode [ 'deps/libiconv/lib/cns11643_4b.h', 420, 438 ]
353 silly gunzTarPerm extractEntry deps/libiconv/lib/cns11643_5.h
354 silly gunzTarPerm modified mode [ 'deps/libiconv/lib/cns11643_5.h', 420, 438 ]
355 silly gunzTarPerm extractEntry deps/libiconv/lib/cns11643_6.h
356 silly gunzTarPerm modified mode [ 'deps/libiconv/lib/cns11643_6.h', 420, 438 ]
357 silly gunzTarPerm extractEntry deps/libiconv/lib/cns11643_7.h
358 silly gunzTarPerm modified mode [ 'deps/libiconv/lib/cns11643_7.h', 420, 438 ]
359 silly gunzTarPerm extractEntry deps/libiconv/lib/cns11643_inv.h
360 silly gunzTarPerm modified mode [ 'deps/libiconv/lib/cns11643_inv.h', 420, 438 ]
361 silly gunzTarPerm extractEntry deps/libiconv/lib/converters.h
362 silly gunzTarPerm modified mode [ 'deps/libiconv/lib/converters.h', 420, 438 ]
363 silly gunzTarPerm extractEntry deps/libiconv/lib/cp1046.h
364 silly gunzTarPerm modified mode [ 'deps/libiconv/lib/cp1046.h', 420, 438 ]
365 silly gunzTarPerm extractEntry deps/libiconv/lib/cp1124.h
366 silly gunzTarPerm modified mode [ 'deps/libiconv/lib/cp1124.h', 420, 438 ]
367 silly gunzTarPerm extractEntry deps/libiconv/lib/cp1125.h
368 silly gunzTarPerm modified mode [ 'deps/libiconv/lib/cp1125.h', 420, 438 ]
369 silly gunzTarPerm extractEntry deps/libiconv/lib/cp1129.h
370 silly gunzTarPerm modified mode [ 'deps/libiconv/lib/cp1129.h', 420, 438 ]
371 silly gunzTarPerm extractEntry deps/libiconv/lib/cp1131.h
372 silly gunzTarPerm modified mode [ 'deps/libiconv/lib/cp1131.h', 420, 438 ]
373 silly gunzTarPerm extractEntry deps/libiconv/lib/cp1133.h
374 silly gunzTarPerm modified mode [ 'deps/libiconv/lib/cp1133.h', 420, 438 ]
375 silly gunzTarPerm extractEntry deps/libiconv/lib/cp1161.h
376 silly gunzTarPerm modified mode [ 'deps/libiconv/lib/cp1161.h', 420, 438 ]
377 silly gunzTarPerm extractEntry deps/libiconv/lib/cp1162.h
378 silly gunzTarPerm modified mode [ 'deps/libiconv/lib/cp1162.h', 420, 438 ]
379 silly gunzTarPerm extractEntry deps/libiconv/lib/cp1163.h
380 silly gunzTarPerm modified mode [ 'deps/libiconv/lib/cp1163.h', 420, 438 ]
381 silly gunzTarPerm extractEntry deps/libiconv/lib/cp1250.h
382 silly gunzTarPerm modified mode [ 'deps/libiconv/lib/cp1250.h', 420, 438 ]
383 silly gunzTarPerm extractEntry deps/libiconv/lib/cp1251.h
384 silly gunzTarPerm modified mode [ 'deps/libiconv/lib/cp1251.h', 420, 438 ]
385 silly gunzTarPerm extractEntry deps/libiconv/lib/cp1252.h
386 silly gunzTarPerm modified mode [ 'deps/libiconv/lib/cp1252.h', 420, 438 ]
387 silly gunzTarPerm extractEntry deps/libiconv/lib/cp1253.h
388 silly gunzTarPerm modified mode [ 'deps/libiconv/lib/cp1253.h', 420, 438 ]
389 silly gunzTarPerm extractEntry deps/libiconv/lib/cp1254.h
390 silly gunzTarPerm modified mode [ 'deps/libiconv/lib/cp1254.h', 420, 438 ]
391 silly gunzTarPerm extractEntry deps/libiconv/lib/cp1255.h
392 silly gunzTarPerm modified mode [ 'deps/libiconv/lib/cp1255.h', 420, 438 ]
393 silly gunzTarPerm extractEntry deps/libiconv/lib/cp1256.h
394 silly gunzTarPerm modified mode [ 'deps/libiconv/lib/cp1256.h', 420, 438 ]
395 silly gunzTarPerm extractEntry deps/libiconv/lib/cp1257.h
396 silly gunzTarPerm modified mode [ 'deps/libiconv/lib/cp1257.h', 420, 438 ]
397 silly gunzTarPerm extractEntry deps/libiconv/lib/cp1258.h
398 silly gunzTarPerm modified mode [ 'deps/libiconv/lib/cp1258.h', 420, 438 ]
399 silly gunzTarPerm extractEntry deps/libiconv/lib/cp437.h
400 silly gunzTarPerm modified mode [ 'deps/libiconv/lib/cp437.h', 420, 438 ]
401 silly gunzTarPerm extractEntry deps/libiconv/lib/cp50221_0208_ext.h
402 silly gunzTarPerm modified mode [ 'deps/libiconv/lib/cp50221_0208_ext.h', 420, 438 ]
403 silly gunzTarPerm extractEntry deps/libiconv/lib/cp50221_0212_ext.h
404 silly gunzTarPerm modified mode [ 'deps/libiconv/lib/cp50221_0212_ext.h', 420, 438 ]
405 silly gunzTarPerm extractEntry deps/libiconv/lib/cp737.h
406 silly gunzTarPerm modified mode [ 'deps/libiconv/lib/cp737.h', 420, 438 ]
407 silly gunzTarPerm extractEntry deps/libiconv/lib/cp775.h
408 silly gunzTarPerm modified mode [ 'deps/libiconv/lib/cp775.h', 420, 438 ]
409 silly gunzTarPerm extractEntry deps/libiconv/lib/cp850.h
410 silly gunzTarPerm modified mode [ 'deps/libiconv/lib/cp850.h', 420, 438 ]
411 silly gunzTarPerm extractEntry deps/libiconv/lib/cp852.h
412 silly gunzTarPerm modified mode [ 'deps/libiconv/lib/cp852.h', 420, 438 ]
413 silly gunzTarPerm extractEntry deps/libiconv/lib/cp853.h
414 silly gunzTarPerm modified mode [ 'deps/libiconv/lib/cp853.h', 420, 438 ]
415 silly gunzTarPerm extractEntry deps/libiconv/lib/cp855.h
416 silly gunzTarPerm modified mode [ 'deps/libiconv/lib/cp855.h', 420, 438 ]
417 silly gunzTarPerm extractEntry deps/libiconv/lib/cp856.h
418 silly gunzTarPerm modified mode [ 'deps/libiconv/lib/cp856.h', 420, 438 ]
419 silly gunzTarPerm extractEntry deps/libiconv/lib/cp857.h
420 silly gunzTarPerm modified mode [ 'deps/libiconv/lib/cp857.h', 420, 438 ]
421 silly gunzTarPerm extractEntry deps/libiconv/lib/cp858.h
422 silly gunzTarPerm modified mode [ 'deps/libiconv/lib/cp858.h', 420, 438 ]
423 silly gunzTarPerm extractEntry deps/libiconv/lib/cp860.h
424 silly gunzTarPerm modified mode [ 'deps/libiconv/lib/cp860.h', 420, 438 ]
425 silly gunzTarPerm extractEntry deps/libiconv/lib/cp861.h
426 silly gunzTarPerm modified mode [ 'deps/libiconv/lib/cp861.h', 420, 438 ]
427 silly gunzTarPerm extractEntry deps/libiconv/lib/cp862.h
428 silly gunzTarPerm modified mode [ 'deps/libiconv/lib/cp862.h', 420, 438 ]
429 silly gunzTarPerm extractEntry deps/libiconv/lib/cp863.h
430 silly gunzTarPerm modified mode [ 'deps/libiconv/lib/cp863.h', 420, 438 ]
431 silly gunzTarPerm extractEntry deps/libiconv/lib/cp864.h
432 silly gunzTarPerm modified mode [ 'deps/libiconv/lib/cp864.h', 420, 438 ]
433 silly gunzTarPerm extractEntry deps/libiconv/lib/cp865.h
434 silly gunzTarPerm modified mode [ 'deps/libiconv/lib/cp865.h', 420, 438 ]
435 silly gunzTarPerm extractEntry deps/libiconv/lib/cp866.h
436 silly gunzTarPerm modified mode [ 'deps/libiconv/lib/cp866.h', 420, 438 ]
437 silly gunzTarPerm extractEntry deps/libiconv/lib/cp869.h
438 silly gunzTarPerm modified mode [ 'deps/libiconv/lib/cp869.h', 420, 438 ]
439 silly gunzTarPerm extractEntry deps/libiconv/lib/cp874.h
440 silly gunzTarPerm modified mode [ 'deps/libiconv/lib/cp874.h', 420, 438 ]
441 silly gunzTarPerm extractEntry deps/libiconv/lib/cp922.h
442 silly gunzTarPerm modified mode [ 'deps/libiconv/lib/cp922.h', 420, 438 ]
443 silly gunzTarPerm extractEntry deps/libiconv/lib/cp932.h
444 silly gunzTarPerm modified mode [ 'deps/libiconv/lib/cp932.h', 420, 438 ]
445 silly gunzTarPerm extractEntry deps/libiconv/lib/cp932ext.h
446 silly gunzTarPerm modified mode [ 'deps/libiconv/lib/cp932ext.h', 420, 438 ]
447 silly gunzTarPerm extractEntry deps/libiconv/lib/cp936.h
448 silly gunzTarPerm modified mode [ 'deps/libiconv/lib/cp936.h', 420, 438 ]
449 silly gunzTarPerm extractEntry deps/libiconv/lib/cp936ext.h
450 silly gunzTarPerm modified mode [ 'deps/libiconv/lib/cp936ext.h', 420, 438 ]
451 silly gunzTarPerm extractEntry deps/libiconv/lib/cp943.h
452 silly gunzTarPerm modified mode [ 'deps/libiconv/lib/cp943.h', 420, 438 ]
453 silly gentlyRm c:\dev\CENTRAL_EO\node_modules\.staging\nan-d5b77e42\node_modules is being purged
454 verbose gentlyRm don't care about contents; nuking c:\dev\CENTRAL_EO\node_modules\.staging\nan-d5b77e42\node_modules
455 silly gunzTarPerm extractEntry deps/libiconv/lib/cp949.h
456 silly gunzTarPerm modified mode [ 'deps/libiconv/lib/cp949.h', 420, 438 ]
457 silly gunzTarPerm extractEntry deps/libiconv/lib/cp950.h
458 silly gunzTarPerm modified mode [ 'deps/libiconv/lib/cp950.h', 420, 438 ]
459 silly gunzTarPerm extractEntry deps/libiconv/lib/cp950ext.h
460 silly gunzTarPerm modified mode [ 'deps/libiconv/lib/cp950ext.h', 420, 438 ]
461 silly gunzTarPerm extractEntry deps/libiconv/lib/dec_hanyu.h
462 silly gunzTarPerm modified mode [ 'deps/libiconv/lib/dec_hanyu.h', 420, 438 ]
463 silly gunzTarPerm extractEntry deps/libiconv/lib/dec_kanji.h
464 silly gunzTarPerm modified mode [ 'deps/libiconv/lib/dec_kanji.h', 420, 438 ]
465 silly gunzTarPerm extractEntry deps/libiconv/lib/encodings.def
466 silly gunzTarPerm modified mode [ 'deps/libiconv/lib/encodings.def', 420, 438 ]
467 silly gunzTarPerm extractEntry deps/libiconv/lib/encodings_aix.def
468 silly gunzTarPerm modified mode [ 'deps/libiconv/lib/encodings_aix.def', 420, 438 ]
469 silly gunzTarPerm extractEntry deps/libiconv/lib/encodings_dos.def
470 silly gunzTarPerm modified mode [ 'deps/libiconv/lib/encodings_dos.def', 420, 438 ]
471 silly gunzTarPerm extractEntry deps/libiconv/lib/encodings_extra.def
472 silly gunzTarPerm modified mode [ 'deps/libiconv/lib/encodings_extra.def', 420, 438 ]
473 silly gunzTarPerm extractEntry deps/libiconv/lib/encodings_local.def
474 silly gunzTarPerm modified mode [ 'deps/libiconv/lib/encodings_local.def', 420, 438 ]
475 silly gunzTarPerm extractEntry deps/libiconv/lib/encodings_osf1.def
476 silly gunzTarPerm modified mode [ 'deps/libiconv/lib/encodings_osf1.def', 420, 438 ]
477 silly gunzTarPerm extractEntry deps/libiconv/lib/euc_cn.h
478 silly gunzTarPerm modified mode [ 'deps/libiconv/lib/euc_cn.h', 420, 438 ]
479 silly gunzTarPerm extractEntry deps/libiconv/lib/euc_jisx0213.h
480 silly gunzTarPerm modified mode [ 'deps/libiconv/lib/euc_jisx0213.h', 420, 438 ]
481 silly gunzTarPerm extractEntry deps/libiconv/lib/aliases2.h
482 silly gunzTarPerm modified mode [ 'deps/libiconv/lib/aliases2.h', 420, 438 ]
483 silly gunzTarPerm extractEntry deps/libiconv/lib/euc_kr.h
484 silly gunzTarPerm modified mode [ 'deps/libiconv/lib/euc_kr.h', 420, 438 ]
485 silly gunzTarPerm extractEntry deps/libiconv/lib/euc_tw.h
486 silly gunzTarPerm modified mode [ 'deps/libiconv/lib/euc_tw.h', 420, 438 ]
487 silly gunzTarPerm extractEntry deps/libiconv/lib/flags.h
488 silly gunzTarPerm modified mode [ 'deps/libiconv/lib/flags.h', 420, 438 ]
489 silly gunzTarPerm extractEntry deps/libiconv/lib/flushwc.h
490 silly gunzTarPerm modified mode [ 'deps/libiconv/lib/flushwc.h', 420, 438 ]
491 silly gunzTarPerm extractEntry deps/libiconv/lib/gb12345.h
492 silly gunzTarPerm modified mode [ 'deps/libiconv/lib/gb12345.h', 420, 438 ]
493 silly gunzTarPerm extractEntry deps/libiconv/lib/gb12345ext.h
494 silly gunzTarPerm modified mode [ 'deps/libiconv/lib/gb12345ext.h', 420, 438 ]
495 silly gunzTarPerm extractEntry deps/libiconv/lib/gb18030.h
496 silly gunzTarPerm modified mode [ 'deps/libiconv/lib/gb18030.h', 420, 438 ]
497 silly gunzTarPerm extractEntry deps/libiconv/lib/gb18030ext.h
498 silly gunzTarPerm modified mode [ 'deps/libiconv/lib/gb18030ext.h', 420, 438 ]
499 silly gunzTarPerm extractEntry deps/libiconv/lib/gb18030uni.h
500 silly gunzTarPerm modified mode [ 'deps/libiconv/lib/gb18030uni.h', 420, 438 ]
501 silly gunzTarPerm extractEntry deps/libiconv/lib/gb2312.h
502 silly gunzTarPerm modified mode [ 'deps/libiconv/lib/gb2312.h', 420, 438 ]
503 silly gunzTarPerm extractEntry deps/libiconv/lib/gbk.h
504 silly gunzTarPerm modified mode [ 'deps/libiconv/lib/gbk.h', 420, 438 ]
505 silly gunzTarPerm extractEntry deps/libiconv/lib/gbkext1.h
506 silly gunzTarPerm modified mode [ 'deps/libiconv/lib/gbkext1.h', 420, 438 ]
507 silly gunzTarPerm extractEntry deps/libiconv/lib/gbkext2.h
508 silly gunzTarPerm modified mode [ 'deps/libiconv/lib/gbkext2.h', 420, 438 ]
509 silly gunzTarPerm extractEntry deps/libiconv/lib/gbkext_inv.h
510 silly gunzTarPerm modified mode [ 'deps/libiconv/lib/gbkext_inv.h', 420, 438 ]
511 silly gunzTarPerm extractEntry deps/libiconv/lib/georgian_academy.h
512 silly gunzTarPerm modified mode [ 'deps/libiconv/lib/georgian_academy.h', 420, 438 ]
513 silly gunzTarPerm extractEntry deps/libiconv/lib/georgian_ps.h
514 silly gunzTarPerm modified mode [ 'deps/libiconv/lib/georgian_ps.h', 420, 438 ]
515 silly gunzTarPerm extractEntry deps/libiconv/lib/hkscs1999.h
516 silly gunzTarPerm modified mode [ 'deps/libiconv/lib/hkscs1999.h', 420, 438 ]
517 silly gunzTarPerm extractEntry deps/libiconv/lib/hkscs2001.h
518 silly gunzTarPerm modified mode [ 'deps/libiconv/lib/hkscs2001.h', 420, 438 ]
519 silly gunzTarPerm extractEntry deps/libiconv/lib/hkscs2004.h
520 silly gunzTarPerm modified mode [ 'deps/libiconv/lib/hkscs2004.h', 420, 438 ]
521 silly gunzTarPerm extractEntry deps/libiconv/lib/hkscs2008.h
522 silly gunzTarPerm modified mode [ 'deps/libiconv/lib/hkscs2008.h', 420, 438 ]
523 silly gunzTarPerm extractEntry deps/libiconv/lib/hp_roman8.h
524 silly gunzTarPerm modified mode [ 'deps/libiconv/lib/hp_roman8.h', 420, 438 ]
525 silly gunzTarPerm extractEntry deps/libiconv/lib/hz.h
526 silly gunzTarPerm modified mode [ 'deps/libiconv/lib/hz.h', 420, 438 ]
527 silly gunzTarPerm extractEntry deps/libiconv/lib/iconv.c
528 silly gunzTarPerm modified mode [ 'deps/libiconv/lib/iconv.c', 420, 438 ]
529 silly gunzTarPerm extractEntry deps/libiconv/lib/iconv_open1.h
530 silly gunzTarPerm modified mode [ 'deps/libiconv/lib/iconv_open1.h', 420, 438 ]
531 silly gunzTarPerm extractEntry deps/libiconv/lib/iconv_open2.h
532 silly gunzTarPerm modified mode [ 'deps/libiconv/lib/iconv_open2.h', 420, 438 ]
533 silly gunzTarPerm extractEntry deps/libiconv/lib/iso2022_cn.h
534 silly gunzTarPerm modified mode [ 'deps/libiconv/lib/iso2022_cn.h', 420, 438 ]
535 silly gunzTarPerm extractEntry deps/libiconv/lib/iso2022_cnext.h
536 silly gunzTarPerm modified mode [ 'deps/libiconv/lib/iso2022_cnext.h', 420, 438 ]
537 silly gunzTarPerm extractEntry deps/libiconv/lib/iso2022_jp.h
538 silly gunzTarPerm modified mode [ 'deps/libiconv/lib/iso2022_jp.h', 420, 438 ]
539 silly gunzTarPerm extractEntry deps/libiconv/lib/iso2022_jp1.h
540 silly gunzTarPerm modified mode [ 'deps/libiconv/lib/iso2022_jp1.h', 420, 438 ]
541 silly gunzTarPerm extractEntry deps/libiconv/lib/iso2022_jp2.h
542 silly gunzTarPerm modified mode [ 'deps/libiconv/lib/iso2022_jp2.h', 420, 438 ]
543 silly gunzTarPerm extractEntry deps/libiconv/lib/iso2022_jp3.h
544 silly gunzTarPerm modified mode [ 'deps/libiconv/lib/iso2022_jp3.h', 420, 438 ]
545 silly gunzTarPerm extractEntry deps/libiconv/lib/iso2022_jpms.h
546 silly gunzTarPerm modified mode [ 'deps/libiconv/lib/iso2022_jpms.h', 420, 438 ]
547 silly gunzTarPerm extractEntry deps/libiconv/lib/iso2022_kr.h
548 silly gunzTarPerm modified mode [ 'deps/libiconv/lib/iso2022_kr.h', 420, 438 ]
549 silly gunzTarPerm extractEntry deps/libiconv/lib/iso646_cn.h
550 silly gunzTarPerm modified mode [ 'deps/libiconv/lib/iso646_cn.h', 420, 438 ]
551 silly gunzTarPerm extractEntry deps/libiconv/lib/iso646_jp.h
552 silly gunzTarPerm modified mode [ 'deps/libiconv/lib/iso646_jp.h', 420, 438 ]
553 silly gunzTarPerm extractEntry deps/libiconv/lib/iso8859_1.h
554 silly gunzTarPerm modified mode [ 'deps/libiconv/lib/iso8859_1.h', 420, 438 ]
555 silly gunzTarPerm extractEntry deps/libiconv/lib/iso8859_10.h
556 silly gunzTarPerm modified mode [ 'deps/libiconv/lib/iso8859_10.h', 420, 438 ]
557 silly gunzTarPerm extractEntry deps/libiconv/lib/iso8859_11.h
558 silly gunzTarPerm modified mode [ 'deps/libiconv/lib/iso8859_11.h', 420, 438 ]
559 silly gunzTarPerm extractEntry deps/libiconv/lib/iso8859_13.h
560 silly gunzTarPerm modified mode [ 'deps/libiconv/lib/iso8859_13.h', 420, 438 ]
561 silly gunzTarPerm extractEntry deps/libiconv/lib/iso8859_14.h
562 silly gunzTarPerm modified mode [ 'deps/libiconv/lib/iso8859_14.h', 420, 438 ]
563 silly gunzTarPerm extractEntry deps/libiconv/lib/iso8859_15.h
564 silly gunzTarPerm modified mode [ 'deps/libiconv/lib/iso8859_15.h', 420, 438 ]
565 silly gunzTarPerm extractEntry deps/libiconv/lib/iso8859_16.h
566 silly gunzTarPerm modified mode [ 'deps/libiconv/lib/iso8859_16.h', 420, 438 ]
567 silly gunzTarPerm extractEntry deps/libiconv/lib/iso8859_2.h
568 silly gunzTarPerm modified mode [ 'deps/libiconv/lib/iso8859_2.h', 420, 438 ]
569 silly gunzTarPerm extractEntry deps/libiconv/lib/iso8859_3.h
570 silly gunzTarPerm modified mode [ 'deps/libiconv/lib/iso8859_3.h', 420, 438 ]
571 silly gunzTarPerm extractEntry deps/libiconv/lib/iso8859_4.h
572 silly gunzTarPerm modified mode [ 'deps/libiconv/lib/iso8859_4.h', 420, 438 ]
573 silly gunzTarPerm extractEntry deps/libiconv/lib/iso8859_5.h
574 silly gunzTarPerm modified mode [ 'deps/libiconv/lib/iso8859_5.h', 420, 438 ]
575 silly gunzTarPerm extractEntry deps/libiconv/lib/iso8859_6.h
576 silly gunzTarPerm modified mode [ 'deps/libiconv/lib/iso8859_6.h', 420, 438 ]
577 silly gunzTarPerm extractEntry deps/libiconv/lib/iso8859_7.h
578 silly gunzTarPerm modified mode [ 'deps/libiconv/lib/iso8859_7.h', 420, 438 ]
579 silly gunzTarPerm extractEntry deps/libiconv/lib/iso8859_8.h
580 silly gunzTarPerm modified mode [ 'deps/libiconv/lib/iso8859_8.h', 420, 438 ]
581 silly gunzTarPerm extractEntry deps/libiconv/lib/iso8859_9.h
582 silly gunzTarPerm modified mode [ 'deps/libiconv/lib/iso8859_9.h', 420, 438 ]
583 silly gunzTarPerm extractEntry deps/libiconv/lib/isoir165.h
584 silly gunzTarPerm modified mode [ 'deps/libiconv/lib/isoir165.h', 420, 438 ]
585 silly gunzTarPerm extractEntry deps/libiconv/lib/isoir165ext.h
586 silly gunzTarPerm modified mode [ 'deps/libiconv/lib/isoir165ext.h', 420, 438 ]
587 silly gunzTarPerm extractEntry deps/libiconv/lib/java.h
588 silly gunzTarPerm modified mode [ 'deps/libiconv/lib/java.h', 420, 438 ]
589 silly gunzTarPerm extractEntry deps/libiconv/lib/jisx0201.h
590 silly gunzTarPerm modified mode [ 'deps/libiconv/lib/jisx0201.h', 420, 438 ]
591 silly gunzTarPerm extractEntry deps/libiconv/lib/jisx0208.h
592 silly gunzTarPerm modified mode [ 'deps/libiconv/lib/jisx0208.h', 420, 438 ]
593 silly gunzTarPerm extractEntry deps/libiconv/lib/jisx0212.h
594 silly gunzTarPerm modified mode [ 'deps/libiconv/lib/jisx0212.h', 420, 438 ]
595 silly gunzTarPerm extractEntry deps/libiconv/lib/jisx0213.h
596 silly gunzTarPerm modified mode [ 'deps/libiconv/lib/jisx0213.h', 420, 438 ]
597 silly gunzTarPerm extractEntry deps/libiconv/lib/johab.h
598 silly gunzTarPerm modified mode [ 'deps/libiconv/lib/johab.h', 420, 438 ]
599 silly gunzTarPerm extractEntry deps/libiconv/lib/johab_hangul.h
600 silly gunzTarPerm modified mode [ 'deps/libiconv/lib/johab_hangul.h', 420, 438 ]
601 silly gunzTarPerm extractEntry deps/libiconv/lib/koi8_r.h
602 silly gunzTarPerm modified mode [ 'deps/libiconv/lib/koi8_r.h', 420, 438 ]
603 silly gunzTarPerm extractEntry deps/libiconv/lib/koi8_ru.h
604 silly gunzTarPerm modified mode [ 'deps/libiconv/lib/koi8_ru.h', 420, 438 ]
605 silly gunzTarPerm extractEntry deps/libiconv/lib/koi8_t.h
606 silly gunzTarPerm modified mode [ 'deps/libiconv/lib/koi8_t.h', 420, 438 ]
607 silly gunzTarPerm extractEntry deps/libiconv/lib/koi8_u.h
608 silly gunzTarPerm modified mode [ 'deps/libiconv/lib/koi8_u.h', 420, 438 ]
609 silly gunzTarPerm extractEntry deps/libiconv/lib/ksc5601.h
610 silly gunzTarPerm modified mode [ 'deps/libiconv/lib/ksc5601.h', 420, 438 ]
611 silly gunzTarPerm extractEntry deps/libiconv/lib/loop_unicode.h
612 silly gunzTarPerm modified mode [ 'deps/libiconv/lib/loop_unicode.h', 420, 438 ]
613 silly gunzTarPerm extractEntry deps/libiconv/lib/loop_wchar.h
614 silly gunzTarPerm modified mode [ 'deps/libiconv/lib/loop_wchar.h', 420, 438 ]
615 silly gunzTarPerm extractEntry deps/libiconv/lib/loops.h
616 silly gunzTarPerm modified mode [ 'deps/libiconv/lib/loops.h', 420, 438 ]
617 silly gunzTarPerm extractEntry deps/libiconv/lib/mac_arabic.h
618 silly gunzTarPerm modified mode [ 'deps/libiconv/lib/mac_arabic.h', 420, 438 ]
619 silly gunzTarPerm extractEntry deps/libiconv/lib/mac_centraleurope.h
620 silly gunzTarPerm modified mode [ 'deps/libiconv/lib/mac_centraleurope.h', 420, 438 ]
621 silly gunzTarPerm extractEntry deps/libiconv/lib/mac_croatian.h
622 silly gunzTarPerm modified mode [ 'deps/libiconv/lib/mac_croatian.h', 420, 438 ]
623 silly gunzTarPerm extractEntry deps/libiconv/lib/mac_cyrillic.h
624 silly gunzTarPerm modified mode [ 'deps/libiconv/lib/mac_cyrillic.h', 420, 438 ]
625 silly gunzTarPerm extractEntry deps/libiconv/lib/mac_greek.h
626 silly gunzTarPerm modified mode [ 'deps/libiconv/lib/mac_greek.h', 420, 438 ]
627 silly gunzTarPerm extractEntry deps/libiconv/lib/mac_hebrew.h
628 silly gunzTarPerm modified mode [ 'deps/libiconv/lib/mac_hebrew.h', 420, 438 ]
629 silly gunzTarPerm extractEntry deps/libiconv/lib/mac_iceland.h
630 silly gunzTarPerm modified mode [ 'deps/libiconv/lib/mac_iceland.h', 420, 438 ]
631 silly gunzTarPerm extractEntry deps/libiconv/lib/mac_roman.h
632 silly gunzTarPerm modified mode [ 'deps/libiconv/lib/mac_roman.h', 420, 438 ]
633 silly gunzTarPerm extractEntry deps/libiconv/lib/mac_romania.h
634 silly gunzTarPerm modified mode [ 'deps/libiconv/lib/mac_romania.h', 420, 438 ]
635 silly gunzTarPerm extractEntry deps/libiconv/lib/mac_thai.h
636 silly gunzTarPerm modified mode [ 'deps/libiconv/lib/mac_thai.h', 420, 438 ]
637 silly gunzTarPerm extractEntry deps/libiconv/lib/mac_turkish.h
638 silly gunzTarPerm modified mode [ 'deps/libiconv/lib/mac_turkish.h', 420, 438 ]
639 silly gunzTarPerm extractEntry deps/libiconv/lib/mac_ukraine.h
640 silly gunzTarPerm modified mode [ 'deps/libiconv/lib/mac_ukraine.h', 420, 438 ]
641 silly gunzTarPerm extractEntry deps/libiconv/lib/mulelao.h
642 silly gunzTarPerm modified mode [ 'deps/libiconv/lib/mulelao.h', 420, 438 ]
643 silly gunzTarPerm extractEntry deps/libiconv/lib/nextstep.h
644 silly gunzTarPerm modified mode [ 'deps/libiconv/lib/nextstep.h', 420, 438 ]
645 silly gunzTarPerm extractEntry deps/libiconv/lib/pt154.h
646 silly gunzTarPerm modified mode [ 'deps/libiconv/lib/pt154.h', 420, 438 ]
647 silly gunzTarPerm extractEntry deps/libiconv/lib/riscos1.h
648 silly gunzTarPerm modified mode [ 'deps/libiconv/lib/riscos1.h', 420, 438 ]
649 silly gunzTarPerm extractEntry deps/libiconv/lib/rk1048.h
650 silly gunzTarPerm modified mode [ 'deps/libiconv/lib/rk1048.h', 420, 438 ]
651 silly gunzTarPerm extractEntry deps/libiconv/lib/shift_jisx0213.h
652 silly gunzTarPerm modified mode [ 'deps/libiconv/lib/shift_jisx0213.h', 420, 438 ]
653 silly gunzTarPerm extractEntry deps/libiconv/lib/sjis.h
654 silly gunzTarPerm modified mode [ 'deps/libiconv/lib/sjis.h', 420, 438 ]
655 silly gunzTarPerm extractEntry deps/libiconv/lib/tcvn.h
656 silly gunzTarPerm modified mode [ 'deps/libiconv/lib/tcvn.h', 420, 438 ]
657 silly gunzTarPerm extractEntry deps/libiconv/lib/tds565.h
658 silly gunzTarPerm modified mode [ 'deps/libiconv/lib/tds565.h', 420, 438 ]
659 silly gunzTarPerm extractEntry deps/libiconv/lib/tis620.h
660 silly gunzTarPerm modified mode [ 'deps/libiconv/lib/tis620.h', 420, 438 ]
661 silly gunzTarPerm extractEntry deps/libiconv/lib/translit.h
662 silly gunzTarPerm modified mode [ 'deps/libiconv/lib/translit.h', 420, 438 ]
663 silly gunzTarPerm extractEntry deps/libiconv/lib/ucs2.h
664 silly gunzTarPerm modified mode [ 'deps/libiconv/lib/ucs2.h', 420, 438 ]
665 silly gunzTarPerm extractEntry deps/libiconv/lib/ucs2be.h
666 silly gunzTarPerm modified mode [ 'deps/libiconv/lib/ucs2be.h', 420, 438 ]
667 silly gunzTarPerm extractEntry deps/libiconv/lib/ucs2internal.h
668 silly gunzTarPerm modified mode [ 'deps/libiconv/lib/ucs2internal.h', 420, 438 ]
669 silly gunzTarPerm extractEntry deps/libiconv/lib/ucs2le.h
670 silly gunzTarPerm modified mode [ 'deps/libiconv/lib/ucs2le.h', 420, 438 ]
671 silly gunzTarPerm extractEntry deps/libiconv/lib/ucs2swapped.h
672 silly gunzTarPerm modified mode [ 'deps/libiconv/lib/ucs2swapped.h', 420, 438 ]
673 silly gunzTarPerm extractEntry deps/libiconv/lib/ucs4.h
674 silly gunzTarPerm modified mode [ 'deps/libiconv/lib/ucs4.h', 420, 438 ]
675 silly gunzTarPerm extractEntry deps/libiconv/lib/ucs4be.h
676 silly gunzTarPerm modified mode [ 'deps/libiconv/lib/ucs4be.h', 420, 438 ]
677 silly gunzTarPerm extractEntry deps/libiconv/lib/ucs4internal.h
678 silly gunzTarPerm modified mode [ 'deps/libiconv/lib/ucs4internal.h', 420, 438 ]
679 silly gunzTarPerm extractEntry deps/libiconv/lib/ucs4le.h
680 silly gunzTarPerm modified mode [ 'deps/libiconv/lib/ucs4le.h', 420, 438 ]
681 silly gunzTarPerm extractEntry deps/libiconv/lib/ucs4swapped.h
682 silly gunzTarPerm modified mode [ 'deps/libiconv/lib/ucs4swapped.h', 420, 438 ]
683 silly gunzTarPerm extractEntry deps/libiconv/lib/uhc_1.h
684 silly gunzTarPerm modified mode [ 'deps/libiconv/lib/uhc_1.h', 420, 438 ]
685 silly gunzTarPerm extractEntry deps/libiconv/lib/uhc_2.h
686 silly gunzTarPerm modified mode [ 'deps/libiconv/lib/uhc_2.h', 420, 438 ]
687 silly gunzTarPerm extractEntry deps/libiconv/lib/utf16.h
688 silly gunzTarPerm modified mode [ 'deps/libiconv/lib/utf16.h', 420, 438 ]
689 silly gunzTarPerm extractEntry deps/libiconv/lib/utf16be.h
690 silly gunzTarPerm modified mode [ 'deps/libiconv/lib/utf16be.h', 420, 438 ]
691 silly gunzTarPerm extractEntry deps/libiconv/lib/utf16le.h
692 silly gunzTarPerm modified mode [ 'deps/libiconv/lib/utf16le.h', 420, 438 ]
693 silly gunzTarPerm extractEntry deps/libiconv/lib/utf32.h
694 silly gunzTarPerm modified mode [ 'deps/libiconv/lib/utf32.h', 420, 438 ]
695 silly gunzTarPerm extractEntry deps/libiconv/lib/utf32be.h
696 silly gunzTarPerm modified mode [ 'deps/libiconv/lib/utf32be.h', 420, 438 ]
697 silly gunzTarPerm extractEntry deps/libiconv/lib/utf32le.h
698 silly gunzTarPerm modified mode [ 'deps/libiconv/lib/utf32le.h', 420, 438 ]
699 silly gunzTarPerm extractEntry deps/libiconv/lib/utf7.h
700 silly gunzTarPerm modified mode [ 'deps/libiconv/lib/utf7.h', 420, 438 ]
701 silly gunzTarPerm extractEntry deps/libiconv/lib/utf8.h
702 silly gunzTarPerm modified mode [ 'deps/libiconv/lib/utf8.h', 420, 438 ]
703 silly gunzTarPerm extractEntry deps/libiconv/lib/vietcomb.h
704 silly gunzTarPerm modified mode [ 'deps/libiconv/lib/vietcomb.h', 420, 438 ]
705 silly gunzTarPerm extractEntry deps/libiconv/lib/viscii.h
706 silly gunzTarPerm modified mode [ 'deps/libiconv/lib/viscii.h', 420, 438 ]
707 silly gunzTarPerm extractEntry lib/iconv.js
708 silly gunzTarPerm modified mode [ 'lib/iconv.js', 420, 438 ]
709 silly gunzTarPerm extractEntry src/binding.cc
710 silly gunzTarPerm modified mode [ 'src/binding.cc', 420, 438 ]
711 silly gunzTarPerm extractEntry support/config.h
712 silly gunzTarPerm modified mode [ 'support/config.h', 420, 438 ]
713 silly gunzTarPerm extractEntry support/iconv.h
714 silly gunzTarPerm modified mode [ 'support/iconv.h', 420, 438 ]
715 silly gunzTarPerm extractEntry support/localcharset.c
716 silly gunzTarPerm modified mode [ 'support/localcharset.c', 420, 438 ]
717 silly gunzTarPerm extractEntry support/localcharset.h
718 silly gunzTarPerm modified mode [ 'support/localcharset.h', 420, 438 ]
719 silly gunzTarPerm extractEntry test/run-tests.js
720 silly gunzTarPerm modified mode [ 'test/run-tests.js', 420, 438 ]
721 silly gunzTarPerm extractEntry test/test-basic.js
722 silly gunzTarPerm modified mode [ 'test/test-basic.js', 420, 438 ]
723 silly gunzTarPerm extractEntry test/test-big-buffer.js
724 silly gunzTarPerm modified mode [ 'test/test-big-buffer.js', 420, 438 ]
725 silly gunzTarPerm extractEntry test/test-stream.js
726 silly gunzTarPerm modified mode [ 'test/test-stream.js', 420, 438 ]
727 silly gunzTarPerm extractEntry test/fixtures/lorem-ipsum.txt
728 silly gunzTarPerm modified mode [ 'test/fixtures/lorem-ipsum.txt', 420, 438 ]
729 silly gentlyRm c:\dev\CENTRAL_EO\node_modules\.staging\iconv-1ff7eee0\node_modules is being purged
730 verbose gentlyRm don't care about contents; nuking c:\dev\CENTRAL_EO\node_modules\.staging\iconv-1ff7eee0\node_modules
731 silly doParallel preinstall 2
732 silly preinstall nan@2.11.0 c:\dev\CENTRAL_EO\node_modules\.staging\nan-d5b77e42
733 info lifecycle nan@2.11.0~preinstall: nan@2.11.0
734 silly preinstall iconv@2.3.0 c:\dev\CENTRAL_EO\node_modules\.staging\iconv-1ff7eee0
735 info lifecycle iconv@2.3.0~preinstall: iconv@2.3.0
736 silly lifecycle nan@2.11.0~preinstall: no script for preinstall, continuing
737 silly lifecycle iconv@2.3.0~preinstall: no script for preinstall, continuing
738 silly doReverseSerial remove 0
739 silly doSerial move 0
740 silly doSerial finalize 2
741 silly finalize c:\dev\CENTRAL_EO\node_modules\nan
742 silly finalize c:\dev\CENTRAL_EO\node_modules\iconv
743 silly doSerial build 2
744 silly build nan@2.11.0
745 info linkStuff nan@2.11.0
746 silly linkStuff nan@2.11.0 has c:\dev\CENTRAL_EO\node_modules as its parent node_modules
747 verbose linkBins nan@2.11.0
748 verbose linkMans nan@2.11.0
749 silly build iconv@2.3.0
750 info linkStuff iconv@2.3.0
751 silly linkStuff iconv@2.3.0 has c:\dev\CENTRAL_EO\node_modules as its parent node_modules
752 verbose linkBins iconv@2.3.0
753 verbose linkMans iconv@2.3.0
754 silly doSerial global-link 0
755 silly doParallel update-linked 0
756 silly doSerial install 2
757 silly install nan@2.11.0 c:\dev\CENTRAL_EO\node_modules\.staging\nan-d5b77e42
758 info lifecycle nan@2.11.0~install: nan@2.11.0
759 silly lifecycle nan@2.11.0~install: no script for install, continuing
760 silly install iconv@2.3.0 c:\dev\CENTRAL_EO\node_modules\.staging\iconv-1ff7eee0
761 info lifecycle iconv@2.3.0~install: iconv@2.3.0
762 verbose lifecycle iconv@2.3.0~install: unsafe-perm in lifecycle true
763 verbose lifecycle iconv@2.3.0~install: PATH: C:\Program Files\nodejs\node_modules\npm\bin\node-gyp-bin;c:\dev\CENTRAL_EO\node_modules\iconv\node_modules\.bin;c:\dev\CENTRAL_EO\node_modules\.bin;C:\Users\a.efremov\AppData\Roaming\npm;C:\Program Files\nodejs\;C:\ProgramData\Oracle\Java\javapath;C:\WINDOWS\system32;C:\WINDOWS;C:\WINDOWS\System32\Wbem;C:\WINDOWS\System32\WindowsPowerShell\v1.0\;C:\Program Files\nodejs\;C:\Program Files (x86)\Plantronics\Spokes3G\;C:\WINDOWS\System32\OpenSSH\;C:\Users\a.efremov\AppData\Local\Microsoft\WindowsApps;C:\Users\a.efremov\AppData\Roaming\npm;C:\Users\a.efremov\AppData\Local\atom\bin;C:\Users\a.efremov\AppData\Local\Microsoft\WindowsApps
764 verbose lifecycle iconv@2.3.0~install: CWD: c:\dev\CENTRAL_EO\node_modules\iconv
765 silly lifecycle iconv@2.3.0~install: Args: [ '/d /s /c', 'node-gyp rebuild' ]
766 silly lifecycle iconv@2.3.0~install: Returned: code: 1  signal: null
767 info lifecycle iconv@2.3.0~install: Failed to exec install script
768 verbose unlock done using C:\Users\a.efremov\AppData\Roaming\npm-cache\_locks\staging-d98fe53ecfd3ba31.lock for c:\dev\CENTRAL_EO\node_modules\.staging
769 silly rollbackFailedOptional Starting
770 silly rollbackFailedOptional Finishing
771 silly runTopLevelLifecycles Finishing
772 silly install printInstalled
773 warn enoent ENOENT: no such file or directory, open 'c:\dev\CENTRAL_EO\package.json'
774 verbose enoent ENOENT: no such file or directory, open 'c:\dev\CENTRAL_EO\package.json'
774 verbose enoent This is most likely not a problem with npm itself
774 verbose enoent and is related to npm not being able to find a file.
775 warn CENTRAL_EO No description
776 verbose If you need help, you may report this error at:
776 verbose     <https://github.com/npm/npm/issues>
777 warn CENTRAL_EO No repository field.
778 verbose If you need help, you may report this error at:
778 verbose     <https://github.com/npm/npm/issues>
779 warn CENTRAL_EO No README data
780 verbose If you need help, you may report this error at:
780 verbose     <https://github.com/npm/npm/issues>
781 warn CENTRAL_EO No license field.
782 verbose If you need help, you may report this error at:
782 verbose     <https://github.com/npm/npm/issues>
783 verbose stack Error: iconv@2.3.0 install: `node-gyp rebuild`
783 verbose stack Exit status 1
783 verbose stack     at EventEmitter.<anonymous> (C:\Program Files\nodejs\node_modules\npm\lib\utils\lifecycle.js:255:16)
783 verbose stack     at emitTwo (events.js:106:13)
783 verbose stack     at EventEmitter.emit (events.js:191:7)
783 verbose stack     at ChildProcess.<anonymous> (C:\Program Files\nodejs\node_modules\npm\lib\utils\spawn.js:40:14)
783 verbose stack     at emitTwo (events.js:106:13)
783 verbose stack     at ChildProcess.emit (events.js:191:7)
783 verbose stack     at maybeClose (internal/child_process.js:920:16)
783 verbose stack     at Process.ChildProcess._handle.onexit (internal/child_process.js:230:5)
784 verbose pkgid iconv@2.3.0
785 verbose cwd c:\dev\CENTRAL_EO
786 error Windows_NT 10.0.17134
787 error argv "C:\\Program Files\\nodejs\\node.exe" "C:\\Program Files\\nodejs\\node_modules\\npm\\bin\\npm-cli.js" "install" "iconv"
788 error node v6.11.4
789 error npm  v3.10.10
790 error code ELIFECYCLE
791 error iconv@2.3.0 install: `node-gyp rebuild`
791 error Exit status 1
792 error Failed at the iconv@2.3.0 install script 'node-gyp rebuild'.
792 error Make sure you have the latest version of node.js and npm installed.
792 error If you do, this is most likely a problem with the iconv package,
792 error not with npm itself.
792 error Tell the author that this fails on your system:
792 error     node-gyp rebuild
792 error You can get information on how to open an issue for this project with:
792 error     npm bugs iconv
792 error Or if that isn't available, you can get their info via:
792 error     npm owner ls iconv
792 error There is likely additional logging output above.
793 verbose exit [ 1, true ]
